Determining if the C compiler works failed with the following output:
Change Dir: C:/Users/Арик/CLionProjects/lab_03/cmake-build-debug/CMakeFiles/CMakeTmp

Run Build Command(s):C:/PROGRA~1/MINGW-~1/X86_64~1.0-P/mingw64/bin/mingw32-make.exe cmTC_35590/fast 
C:/PROGRA~1/MINGW-~1/X86_64~1.0-P/mingw64/bin/mingw32-make.exe -f CMakeFiles\cmTC_35590.dir\build.make CMakeFiles/cmTC_35590.dir/build
mingw32-make.exe[1]: Entering directory 'C:/Users/└Ёшъ/CLionProjects/lab_03/cmake-build-debug/CMakeFiles/CMakeTmp'
Building C object CMakeFiles/cmTC_35590.dir/testCCompiler.c.obj
C:\PROGRA~1\MINGW-~1\X86_64~1.0-P\mingw64\bin\gcc.exe    -o CMakeFiles\cmTC_35590.dir\testCCompiler.c.obj   -c C:\Users\╨Р╤А╨╕╨║\CLionProjects\lab_03\cmake-build-debug\CMakeFiles\CMakeTmp\testCCompiler.c
gcc.exe: error: C:\Users\╨Р╤А╨╕╨║\CLionProjects\lab_03\cmake-build-debug\CMakeFiles\CMakeTmp\testCCompiler.c: No such file or directory
gcc.exe: fatal error: no input files
compilation terminated.
mingw32-make.exe[1]: *** [CMakeFiles\cmTC_35590.dir\build.make:65: CMakeFiles/cmTC_35590.dir/testCCompiler.c.obj] Error 1
mingw32-make.exe[1]: Leaving directory 'C:/Users/└Ёшъ/CLionProjects/lab_03/cmake-build-debug/CMakeFiles/CMakeTmp'
mingw32-make.exe: *** [Makefile:120: cmTC_35590/fast] Error 2


